<?xml version="1.0" encoding="UTF-8"?>
<testng-results ignored="0" total="1" passed="1" failed="0" skipped="0">
  <reporter-output>
  </reporter-output>
  <suite started-at="2024-12-14T12:36:27 IST" name="Default suite" finished-at="2024-12-14T12:36:45 IST" duration-ms="17985">
    <groups>
    </groups>
    <test started-at="2024-12-14T12:36:27 IST" name="Default test" finished-at="2024-12-14T12:36:45 IST" duration-ms="17985">
      <class name="com.Test_Cases.Window_Handling">
        <test-method signature="window()[pri:0, instance:com.Test_Cases.Window_Handling@74751b3]" started-at="2024-12-14T12:36:27 IST" name="window" finished-at="2024-12-14T12:36:45 IST" duration-ms="17936" status="PASS">
          <reporter-output>
          </reporter-output>
        </test-method> <!-- window -->
      </class> <!-- com.Test_Cases.Window_Handling -->
    </test> <!-- Default test -->
  </suite> <!-- Default suite -->
</testng-results>
